c:\users\hongsun\documents\github\caunmod\src\planner-master\mex_code\solidworks2019_createchambercap\x64\debug\vc141.pdb
c:\users\hongsun\documents\github\caunmod\src\planner-master\mex_code\solidworks2019_createchambercap\x64\debug\vc141.idb
c:\users\hongsun\documents\github\caunmod\src\planner-master\mex_code\solidworks2019_createchambercap\x64\debug\createchambercap.obj
c:\users\hongsun\documents\github\caunmod\src\planner-master\mex\win_x64\fndllsolidworkscreatechambercap2019d.mexw64
c:\users\hongsun\documents\github\caunmod\src\planner-master\mex_code\solidworks2019_createchambercap\x64\debug\solidworkscreatechambercap2019.dll.intermediate.manifest
c:\users\hongsun\documents\github\caunmod\src\planner-master\mex_code\solidworks2019_createchambercap\x64\debug\fndllsolidworksrecordingchamber.pdb
c:\users\hongsun\documents\github\caunmod\src\planner-master\mex_code\solidworks2019_createchambercap\x64\debug\solidworkscreatechambercap2019.dll.manifest
c:\users\hongsun\documents\github\caunmod\src\planner-master\mex_code\solidworks2019_createchambercap\x64\debug\solidworkscreatechambercap2019.lib
c:\users\hongsun\documents\github\caunmod\src\planner-master\mex_code\solidworks2019_createchambercap\x64\debug\solidworkscreatechambercap2019.exp
c:\users\hongsun\documents\github\caunmod\src\planner-master\mex_code\solidworks2019_createchambercap\x64\debug\sldworks.tlh
c:\users\hongsun\documents\github\caunmod\src\planner-master\mex_code\solidworks2019_createchambercap\x64\debug\swconst.tlh
c:\users\hongsun\documents\github\caunmod\src\planner-master\mex_code\solidworks2019_createchambercap\x64\debug\solidwor.f236d92e.tlog\cl.command.1.tlog
c:\users\hongsun\documents\github\caunmod\src\planner-master\mex_code\solidworks2019_createchambercap\x64\debug\solidwor.f236d92e.tlog\cl.read.1.tlog
c:\users\hongsun\documents\github\caunmod\src\planner-master\mex_code\solidworks2019_createchambercap\x64\debug\solidwor.f236d92e.tlog\cl.write.1.tlog
c:\users\hongsun\documents\github\caunmod\src\planner-master\mex_code\solidworks2019_createchambercap\x64\debug\solidwor.f236d92e.tlog\link.command.1.tlog
c:\users\hongsun\documents\github\caunmod\src\planner-master\mex_code\solidworks2019_createchambercap\x64\debug\solidwor.f236d92e.tlog\link.read.1.tlog
c:\users\hongsun\documents\github\caunmod\src\planner-master\mex_code\solidworks2019_createchambercap\x64\debug\solidwor.f236d92e.tlog\link.write.1.tlog
c:\users\hongsun\documents\github\caunmod\src\planner-master\mex_code\solidworks2019_createchambercap\x64\debug\solidwor.f236d92e.tlog\mt.command.1.tlog
c:\users\hongsun\documents\github\caunmod\src\planner-master\mex_code\solidworks2019_createchambercap\x64\debug\solidwor.f236d92e.tlog\mt.read.1.tlog
c:\users\hongsun\documents\github\caunmod\src\planner-master\mex_code\solidworks2019_createchambercap\x64\debug\solidwor.f236d92e.tlog\mt.write.1.tlog
c:\users\hongsun\documents\github\caunmod\src\planner-master\mex_code\solidworks2019_createchambercap\x64\debug\solidwor.f236d92e.tlog\solidworkscreatechambercap2019.write.1u.tlog
